2025-02-09T18:10:53.649+0100 [DEBUG] [org.gradle.launcher.daemon.bootstrap.DaemonMain] Assuming the daemon was started with following jvm opts: [--add-opens=java.base/java.util=ALL-UNNAMED, --add-opens=java.base/java.lang=ALL-UNNAMED, --add-opens=java.base/java.lang.invoke=ALL-UNNAMED, --add-opens=java.prefs/java.util.prefs=ALL-UNNAMED, --add-opens=java.base/java.nio.charset=ALL-UNNAMED, --add-opens=java.base/java.net=ALL-UNNAMED, --add-opens=java.base/java.util.concurrent.atomic=ALL-UNNAMED, -Xmx2048m, -Dfile.encoding=UTF-8, -Duser.country=DE, -Duser.language=de, -Duser.variant]
2025-02-09T18:10:53.996+0100 [INFO] [org.gradle.launcher.daemon.server.Daemon] start() called on daemon - DefaultDaemonContext[uid=84e26c6e-7fcd-4acc-95c1-a1394b1610e7,javaHome=/home/joerg/.sdkman/candidates/java/11.0.26-tem,daemonRegistryDir=/home/joerg/.doctoolchain/.gradle/daemon,pid=19872,idleTimeout=120000,priority=NORMAL,applyInstrumentationAgent=true,daemonOpts=--add-opens=java.base/java.util=ALL-UNNAMED,--add-opens=java.base/java.lang=ALL-UNNAMED,--add-opens=java.base/java.lang.invoke=ALL-UNNAMED,--add-opens=java.prefs/java.util.prefs=ALL-UNNAMED,--add-opens=java.base/java.nio.charset=ALL-UNNAMED,--add-opens=java.base/java.net=ALL-UNNAMED,--add-opens=java.base/java.util.concurrent.atomic=ALL-UNNAMED,-Xmx2048m,-Dfile.encoding=UTF-8,-Duser.country=DE,-Duser.language=de,-Duser.variant]
2025-02-09T18:10:54.081+0100 [DEBUG] [org.gradle.internal.remote.internal.inet.InetAddresses] Adding IP addresses for network interface enp0s3
2025-02-09T18:10:54.082+0100 [DEBUG] [org.gradle.internal.remote.internal.inet.InetAddresses] Is this a loopback interface? false
2025-02-09T18:10:54.083+0100 [DEBUG] [org.gradle.internal.remote.internal.inet.InetAddresses] Adding remote address /fe80:0:0:0:4952:4f03:babf:c6be%enp0s3
2025-02-09T18:10:54.084+0100 [DEBUG] [org.gradle.internal.remote.internal.inet.InetAddresses] Adding remote address /10.0.2.15
2025-02-09T18:10:54.085+0100 [DEBUG] [org.gradle.internal.remote.internal.inet.InetAddresses] Adding IP addresses for network interface lo
2025-02-09T18:10:54.087+0100 [DEBUG] [org.gradle.internal.remote.internal.inet.InetAddresses] Is this a loopback interface? true
2025-02-09T18:10:54.087+0100 [DEBUG] [org.gradle.internal.remote.internal.inet.InetAddresses] Adding loopback address /0:0:0:0:0:0:0:1%lo
2025-02-09T18:10:54.088+0100 [DEBUG] [org.gradle.internal.remote.internal.inet.InetAddresses] Adding loopback address /127.0.0.1
2025-02-09T18:10:54.094+0100 [DEBUG] [org.gradle.internal.remote.internal.inet.TcpIncomingConnector] Listening on [8467a51b-1c1e-460a-803b-7d58ff84a954 port:46485, addresses:[localhost/127.0.0.1]].
2025-02-09T18:10:54.141+0100 [DEBUG] [org.gradle.launcher.daemon.server.Daemon] Daemon starting at: Sun Feb 09 18:10:54 CET 2025, with address: [8467a51b-1c1e-460a-803b-7d58ff84a954 port:46485, addresses:[localhost/127.0.0.1]]
2025-02-09T18:10:54.142+0100 [INFO] [org.gradle.launcher.daemon.server.DaemonRegistryUpdater] Advertising the daemon address to the clients: [8467a51b-1c1e-460a-803b-7d58ff84a954 port:46485, addresses:[localhost/127.0.0.1]]
2025-02-09T18:10:54.143+0100 [DEBUG] [org.gradle.launcher.daemon.server.DaemonRegistryUpdater] Advertised daemon context: DefaultDaemonContext[uid=84e26c6e-7fcd-4acc-95c1-a1394b1610e7,javaHome=/home/joerg/.sdkman/candidates/java/11.0.26-tem,daemonRegistryDir=/home/joerg/.doctoolchain/.gradle/daemon,pid=19872,idleTimeout=120000,priority=NORMAL,applyInstrumentationAgent=true,daemonOpts=--add-opens=java.base/java.util=ALL-UNNAMED,--add-opens=java.base/java.lang=ALL-UNNAMED,--add-opens=java.base/java.lang.invoke=ALL-UNNAMED,--add-opens=java.prefs/java.util.prefs=ALL-UNNAMED,--add-opens=java.base/java.nio.charset=ALL-UNNAMED,--add-opens=java.base/java.net=ALL-UNNAMED,--add-opens=java.base/java.util.concurrent.atomic=ALL-UNNAMED,-Xmx2048m,-Dfile.encoding=UTF-8,-Duser.country=DE,-Duser.language=de,-Duser.variant]
2025-02-09T18:10:54.155+0100 [DEBUG] [org.gradle.launcher.daemon.registry.PersistentDaemonRegistry] Storing daemon address: [8467a51b-1c1e-460a-803b-7d58ff84a954 port:46485, addresses:[localhost/127.0.0.1]], context: DefaultDaemonContext[uid=84e26c6e-7fcd-4acc-95c1-a1394b1610e7,javaHome=/home/joerg/.sdkman/candidates/java/11.0.26-tem,daemonRegistryDir=/home/joerg/.doctoolchain/.gradle/daemon,pid=19872,idleTimeout=120000,priority=NORMAL,applyInstrumentationAgent=true,daemonOpts=--add-opens=java.base/java.util=ALL-UNNAMED,--add-opens=java.base/java.lang=ALL-UNNAMED,--add-opens=java.base/java.lang.invoke=ALL-UNNAMED,--add-opens=java.prefs/java.util.prefs=ALL-UNNAMED,--add-opens=java.base/java.nio.charset=ALL-UNNAMED,--add-opens=java.base/java.net=ALL-UNNAMED,--add-opens=java.base/java.util.concurrent.atomic=ALL-UNNAMED,-Xmx2048m,-Dfile.encoding=UTF-8,-Duser.country=DE,-Duser.language=de,-Duser.variant]
2025-02-09T18:10:54.169+0100 [DEBUG] [org.gradle.cache.internal.DefaultFileLockManager] Waiting to acquire exclusive lock on daemon addresses registry.
2025-02-09T18:10:54.177+0100 [DEBUG] [org.gradle.cache.internal.DefaultFileLockManager] Lock acquired on daemon addresses registry.
2025-02-09T18:10:54.186+0100 [DEBUG] [org.gradle.cache.internal.DefaultFileLockManager] Releasing lock on daemon addresses registry.
2025-02-09T18:10:54.186+0100 [LIFECYCLE] [org.gradle.launcher.daemon.server.Daemon] Daemon server started.
2025-02-09T18:10:54.189+0100 [DEBUG] [org.gradle.launcher.daemon.bootstrap.DaemonStartupCommunication] Completed writing the daemon greeting. Closing streams...
2025-02-09T18:10:54.197+0100 [DEBUG] [org.gradle.launcher.daemon.server.Daemon] stopOnExpiration() called on daemon
2025-02-09T18:10:54.200+0100 [DEBUG] [org.gradle.launcher.daemon.server.Daemon] awaitExpiration() called on daemon
2025-02-09T18:10:54.201+0100 [DEBUG] [org.gradle.launcher.daemon.server.DaemonStateCoordinator] daemon is running. Sleeping until state changes.
2025-02-09T18:10:54.275+0100 [DEBUG] [org.gradle.internal.remote.internal.inet.TcpIncomingConnector] Accepted connection from /127.0.0.1:47924 to /127.0.0.1:46485.
2025-02-09T18:10:54.391+0100 [DEBUG] [org.gradle.launcher.daemon.server.SynchronizedDispatchConnection] thread 17: received class org.gradle.launcher.daemon.protocol.Build
2025-02-09T18:10:54.392+0100 [DEBUG] [org.gradle.launcher.daemon.server.DefaultDaemonConnection] thread 17: Received non-IO message from client: Build{id=d63e61e6-b881-49c4-ba68-cd030b4cf10e, currentDir=/home/joerg/.doctoolchain/docToolchain-3.4.1}
2025-02-09T18:10:54.394+0100 [INFO] [org.gradle.launcher.daemon.server.DefaultIncomingConnectionHandler] Received command: Build{id=d63e61e6-b881-49c4-ba68-cd030b4cf10e, currentDir=/home/joerg/.doctoolchain/docToolchain-3.4.1}.
2025-02-09T18:10:54.394+0100 [DEBUG] [org.gradle.launcher.daemon.server.DefaultIncomingConnectionHandler] Starting executing command: Build{id=d63e61e6-b881-49c4-ba68-cd030b4cf10e, currentDir=/home/joerg/.doctoolchain/docToolchain-3.4.1} with connection: socket connection from /127.0.0.1:46485 to /127.0.0.1:47924.
2025-02-09T18:10:54.401+0100 [DEBUG] [org.gradle.launcher.daemon.server.DaemonStateCoordinator] Command execution: started DaemonCommandExecution[command = Build{id=d63e61e6-b881-49c4-ba68-cd030b4cf10e, currentDir=/home/joerg/.doctoolchain/docToolchain-3.4.1}, connection = DefaultDaemonConnection: socket connection from /127.0.0.1:46485 to /127.0.0.1:47924] after 0.0 minutes of idle
2025-02-09T18:10:54.402+0100 [INFO] [org.gradle.launcher.daemon.server.DaemonRegistryUpdater] Marking the daemon as busy, address: [8467a51b-1c1e-460a-803b-7d58ff84a954 port:46485, addresses:[localhost/127.0.0.1]]
2025-02-09T18:10:54.402+0100 [DEBUG] [org.gradle.launcher.daemon.registry.PersistentDaemonRegistry] Marking busy by address: [8467a51b-1c1e-460a-803b-7d58ff84a954 port:46485, addresses:[localhost/127.0.0.1]]
2025-02-09T18:10:54.404+0100 [DEBUG] [org.gradle.cache.internal.DefaultFileLockManager] Waiting to acquire exclusive lock on daemon addresses registry.
2025-02-09T18:10:54.405+0100 [DEBUG] [org.gradle.cache.internal.DefaultFileLockManager] Lock acquired on daemon addresses registry.
2025-02-09T18:10:54.406+0100 [DEBUG] [org.gradle.cache.internal.DefaultFileLockManager] Releasing lock on daemon addresses registry.
2025-02-09T18:10:54.407+0100 [DEBUG] [org.gradle.launcher.daemon.server.DaemonStateCoordinator] resetting idle timer
2025-02-09T18:10:54.408+0100 [DEBUG] [org.gradle.launcher.daemon.server.DaemonStateCoordinator] daemon is running. Sleeping until state changes.
2025-02-09T18:10:54.409+0100 [INFO] [org.gradle.launcher.daemon.server.exec.StartBuildOrRespondWithBusy] Daemon is about to start building Build{id=d63e61e6-b881-49c4-ba68-cd030b4cf10e, currentDir=/home/joerg/.doctoolchain/docToolchain-3.4.1}. Dispatching build started information...
2025-02-09T18:10:54.410+0100 [DEBUG] [org.gradle.launcher.daemon.server.SynchronizedDispatchConnection] thread 19: dispatching org.gradle.launcher.daemon.protocol.BuildStarted@3233dec8
2025-02-09T18:10:54.414+0100 [DEBUG] [org.gradle.launcher.daemon.server.exec.EstablishBuildEnvironment] Configuring env variables: [PATH, XAUTHORITY, DTC_HEADLESS, XDG_DATA_DIRS, GDMSESSION, DBUS_SESSION_BUS_ADDRESS, XDG_CURRENT_DESKTOP, SSH_AGENT_PID, CLUTTER_BACKEND, COLORTERM, SDKMAN_DIR, SESSION_MANAGER, LOGNAME, PWD, DTC_PROJECT_BRANCH, LANGUAGE, WINDOWID, SHELL, LESSOPEN, SDKMAN_CANDIDATES_API, OLDPWD, GTK_MODULES, XDG_SESSION_PATH, PANEL_GDK_CORE_DEVICE_EVENTS, LS_COLORS, XDG_SESSION_DESKTOP, SHLVL, LESSCLOSE, COMPIZ_CONFIG_PROFILE, JAVA_HOME, TERM, XDG_CONFIG_DIRS, LANG, XDG_SEAT_PATH, XDG_SESSION_ID, XDG_SESSION_TYPE, DISPLAY, SDKMAN_CANDIDATES_DIR, XDG_SESSION_CLASS, _, GDM_LANG, GTK3_MODULES, XDG_GREETER_DATA_DIR, DESKTOP_SESSION, SDKMAN_PLATFORM, USER, XDG_MENU_PREFIX, VTE_VERSION, QT_ACCESSIBILITY, SSH_AUTH_SOCK, XDG_SEAT, XDG_VTNR, XDG_RUNTIME_DIR, HOME]
2025-02-09T18:10:54.425+0100 [DEBUG] [org.gradle.launcher.daemon.server.exec.LogToClient] About to start relaying all logs to the client via the connection.
2025-02-09T18:10:54.425+0100 [INFO] [org.gradle.launcher.daemon.server.exec.LogToClient] The client will now receive all logging from the daemon (pid: 19872). The daemon log file: /home/joerg/.doctoolchain/.gradle/daemon/8.1.1/daemon-19872.out.log
2025-02-09T18:10:54.430+0100 [DEBUG] [org.gradle.launcher.daemon.server.exec.RequestStopIfSingleUsedDaemon] Requesting daemon stop after processing Build{id=d63e61e6-b881-49c4-ba68-cd030b4cf10e, currentDir=/home/joerg/.doctoolchain/docToolchain-3.4.1}
2025-02-09T18:10:54.431+0100 [LIFECYCLE] [org.gradle.launcher.daemon.server.DaemonStateCoordinator] Daemon will be stopped at the end of the build 
2025-02-09T18:10:54.431+0100 [DEBUG] [org.gradle.launcher.daemon.server.DaemonStateCoordinator] Stop as soon as idle requested. The daemon is busy: true
2025-02-09T18:10:54.432+0100 [DEBUG] [org.gradle.launcher.daemon.server.DaemonStateCoordinator] daemon stop has been requested. Sleeping until state changes.
2025-02-09T18:10:54.434+0100 [DEBUG] [org.gradle.launcher.daemon.server.exec.ExecuteBuild] The daemon has started executing the build.
2025-02-09T18:10:54.434+0100 [DEBUG] [org.gradle.launcher.daemon.server.exec.ExecuteBuild] Executing build with daemon context: DefaultDaemonContext[uid=84e26c6e-7fcd-4acc-95c1-a1394b1610e7,javaHome=/home/joerg/.sdkman/candidates/java/11.0.26-tem,daemonRegistryDir=/home/joerg/.doctoolchain/.gradle/daemon,pid=19872,idleTimeout=120000,priority=NORMAL,applyInstrumentationAgent=true,daemonOpts=--add-opens=java.base/java.util=ALL-UNNAMED,--add-opens=java.base/java.lang=ALL-UNNAMED,--add-opens=java.base/java.lang.invoke=ALL-UNNAMED,--add-opens=java.prefs/java.util.prefs=ALL-UNNAMED,--add-opens=java.base/java.nio.charset=ALL-UNNAMED,--add-opens=java.base/java.net=ALL-UNNAMED,--add-opens=java.base/java.util.concurrent.atomic=ALL-UNNAMED,-Xmx2048m,-Dfile.encoding=UTF-8,-Duser.country=DE,-Duser.language=de,-Duser.variant]
>>>>>>>>> fix grolifant
>>>>>>>>> fix okhttp-digest
WARNING: JavaVersion < 17 - exportMarkdown disabled
Converting /home/joerg/IdeaProjects/doctoolchainsample/src/docs/arc42/arc42.adoc

BUILD SUCCESSFUL in 1m 25s
1 actionable task: 1 executed
2025-02-09T18:12:15.062+0100 [DEBUG] [org.gradle.launcher.daemon.server.exec.ExecuteBuild] The daemon has finished executing the build.
2025-02-09T18:12:15.076+0100 [DEBUG] [org.gradle.launcher.daemon.server.DaemonStateCoordinator] daemon stop has been requested. Sleeping until state changes.
2025-02-09T18:12:15.080+0100 [DEBUG] [org.gradle.launcher.daemon.server.DaemonStateCoordinator] Command execution: finished waiting for DaemonCommandExecution[command = Build{id=d63e61e6-b881-49c4-ba68-cd030b4cf10e, currentDir=/home/joerg/.doctoolchain/docToolchain-3.4.1}, connection = DefaultDaemonConnection: socket connection from /127.0.0.1:46485 to /127.0.0.1:47924]. Result org.gradle.launcher.daemon.server.DaemonStateCoordinator@212e50ba with state StopRequested
2025-02-09T18:12:15.081+0100 [DEBUG] [org.gradle.launcher.daemon.server.DaemonStateCoordinator] Command execution: completed DaemonCommandExecution[command = Build{id=d63e61e6-b881-49c4-ba68-cd030b4cf10e, currentDir=/home/joerg/.doctoolchain/docToolchain-3.4.1}, connection = DefaultDaemonConnection: socket connection from /127.0.0.1:46485 to /127.0.0.1:47924]
2025-02-09T18:12:15.081+0100 [DEBUG] [org.gradle.launcher.daemon.server.DaemonStateCoordinator] resetting idle timer
2025-02-09T18:12:15.081+0100 [DEBUG] [org.gradle.launcher.daemon.server.DaemonStateCoordinator] Marking daemon stopped due to command completed and stop requested. The daemon is running a build: false
2025-02-09T18:12:15.083+0100 [DEBUG] [org.gradle.launcher.daemon.server.exec.ReturnResult] Daemon is dispatching the build result: Success[value=org.gradle.launcher.exec.BuildActionResult@3476556f]
2025-02-09T18:12:15.083+0100 [DEBUG] [org.gradle.launcher.daemon.server.SynchronizedDispatchConnection] thread 16: dispatching Success[value=org.gradle.launcher.exec.BuildActionResult@3476556f]
2025-02-09T18:12:15.084+0100 [DEBUG] [org.gradle.launcher.daemon.server.DaemonStateCoordinator] daemon has stopped.
2025-02-09T18:12:15.084+0100 [DEBUG] [org.gradle.launcher.daemon.server.Daemon] stop() called on daemon
2025-02-09T18:12:15.085+0100 [INFO] [org.gradle.launcher.daemon.server.Daemon] Stop requested. Daemon is removing its presence from the registry...
2025-02-09T18:12:15.085+0100 [DEBUG] [org.gradle.launcher.daemon.server.DaemonRegistryUpdater] Removing our presence to clients, eg. removing this address from the registry: [8467a51b-1c1e-460a-803b-7d58ff84a954 port:46485, addresses:[localhost/127.0.0.1]]
2025-02-09T18:12:15.085+0100 [DEBUG] [org.gradle.launcher.daemon.registry.PersistentDaemonRegistry] Removing daemon address: [8467a51b-1c1e-460a-803b-7d58ff84a954 port:46485, addresses:[localhost/127.0.0.1]]
2025-02-09T18:12:15.087+0100 [DEBUG] [org.gradle.cache.internal.DefaultFileLockManager] Waiting to acquire exclusive lock on daemon addresses registry.
2025-02-09T18:12:15.087+0100 [DEBUG] [org.gradle.launcher.daemon.server.SynchronizedDispatchConnection] thread 17: received class org.gradle.launcher.daemon.protocol.CloseInput
2025-02-09T18:12:15.088+0100 [DEBUG] [org.gradle.launcher.daemon.server.DefaultDaemonConnection] thread 17: Received IO message from client: org.gradle.launcher.daemon.protocol.CloseInput@3a9f1e8c
2025-02-09T18:12:15.087+0100 [DEBUG] [org.gradle.launcher.daemon.server.DefaultIncomingConnectionHandler] Finishing executing command: Build{id=d63e61e6-b881-49c4-ba68-cd030b4cf10e, currentDir=/home/joerg/.doctoolchain/docToolchain-3.4.1}
2025-02-09T18:12:15.090+0100 [DEBUG] [org.gradle.cache.internal.DefaultFileLockManager] Lock acquired on daemon addresses registry.
2025-02-09T18:12:15.091+0100 [DEBUG] [org.gradle.launcher.daemon.server.SynchronizedDispatchConnection] thread 17: received class org.gradle.launcher.daemon.protocol.Finished
2025-02-09T18:12:15.092+0100 [DEBUG] [org.gradle.launcher.daemon.server.DefaultDaemonConnection] thread 17: Received non-IO message from client: org.gradle.launcher.daemon.protocol.Finished@822398b
2025-02-09T18:12:15.093+0100 [DEBUG] [org.gradle.launcher.daemon.server.DefaultIncomingConnectionHandler] Received finished message: org.gradle.launcher.daemon.protocol.Finished@822398b
2025-02-09T18:12:15.094+0100 [DEBUG] [org.gradle.launcher.daemon.server.SynchronizedDispatchConnection] thread 16: stopping connection
2025-02-09T18:12:15.094+0100 [DEBUG] [org.gradle.cache.internal.DefaultFileLockManager] Releasing lock on daemon addresses registry.
2025-02-09T18:12:15.095+0100 [DEBUG] [org.gradle.launcher.daemon.server.DaemonRegistryUpdater] Address removed from registry.
2025-02-09T18:12:15.100+0100 [DEBUG] [org.gradle.internal.remote.internal.inet.SocketConnection] Discarding EOFException: java.io.EOFException
2025-02-09T18:12:15.101+0100 [DEBUG] [org.gradle.launcher.daemon.server.SynchronizedDispatchConnection] thread 17: received null
2025-02-09T18:12:15.105+0100 [DEBUG] [org.gradle.launcher.daemon.server.DefaultDaemonConnection] thread 17: Received end-of-input from client.
2025-02-09T18:12:15.122+0100 [DEBUG] [org.gradle.launcher.daemon.server.SynchronizedDispatchConnection] thread 16: stopping connection
2025-02-09T18:12:15.126+0100 [DEBUG] [org.gradle.cache.internal.LockOnDemandCrossProcessCacheAccess] Releasing file lock for jars (/home/joerg/.doctoolchain/.gradle/caches/jars-9)
2025-02-09T18:12:15.126+0100 [DEBUG] [org.gradle.cache.internal.DefaultFileLockManager] Releasing lock on jars (/home/joerg/.doctoolchain/.gradle/caches/jars-9).
2025-02-09T18:12:15.128+0100 [DEBUG] [org.gradle.cache.internal.DefaultPersistentDirectoryStore] jars (/home/joerg/.doctoolchain/.gradle/caches/jars-9) has last been fully cleaned up 0 hours ago
2025-02-09T18:12:15.130+0100 [DEBUG] [org.gradle.cache.internal.DefaultPersistentDirectoryStore] Artifact transforms cache (/home/joerg/.doctoolchain/.gradle/caches/transforms-3) has last been fully cleaned up 0 hours ago
2025-02-09T18:12:15.130+0100 [DEBUG] [org.gradle.cache.internal.DefaultCacheCoordinator] Cache Artifact transforms cache (/home/joerg/.doctoolchain/.gradle/caches/transforms-3) was closed 0 times.
2025-02-09T18:12:15.148+0100 [DEBUG] [org.gradle.cache.internal.LockOnDemandCrossProcessCacheAccess] Releasing file lock for file content cache (/home/joerg/.doctoolchain/.gradle/caches/8.1.1/fileContent)
2025-02-09T18:12:15.148+0100 [DEBUG] [org.gradle.cache.internal.DefaultFileLockManager] Releasing lock on file content cache (/home/joerg/.doctoolchain/.gradle/caches/8.1.1/fileContent).
2025-02-09T18:12:15.149+0100 [DEBUG] [org.gradle.internal.watch.vfs.impl.WatchingVirtualFileSystem] Closing VFS, dropping state
2025-02-09T18:12:15.151+0100 [DEBUG] [org.gradle.cache.internal.LockOnDemandCrossProcessCacheAccess] Releasing file lock for Generated Gradle JARs cache (/home/joerg/.doctoolchain/.gradle/caches/8.1.1/generated-gradle-jars)
2025-02-09T18:12:15.151+0100 [DEBUG] [org.gradle.cache.internal.DefaultFileLockManager] Releasing lock on Generated Gradle JARs cache (/home/joerg/.doctoolchain/.gradle/caches/8.1.1/generated-gradle-jars).
2025-02-09T18:12:15.169+0100 [DEBUG] [org.gradle.cache.internal.LockOnDemandCrossProcessCacheAccess] Releasing file lock for artifact cache (/home/joerg/.doctoolchain/.gradle/caches/modules-2)
2025-02-09T18:12:15.169+0100 [DEBUG] [org.gradle.cache.internal.btree.BTreePersistentIndexedCache] Closing cache resource-at-url.bin (/home/joerg/.doctoolchain/.gradle/caches/modules-2/metadata-2.105/resource-at-url.bin)
2025-02-09T18:12:15.170+0100 [DEBUG] [org.gradle.cache.internal.btree.BTreePersistentIndexedCache] Closing cache module-metadata.bin (/home/joerg/.doctoolchain/.gradle/caches/modules-2/metadata-2.105/module-metadata.bin)
2025-02-09T18:12:15.170+0100 [DEBUG] [org.gradle.cache.internal.btree.BTreePersistentIndexedCache] Closing cache module-artifact.bin (/home/joerg/.doctoolchain/.gradle/caches/modules-2/metadata-2.105/module-artifact.bin)
2025-02-09T18:12:15.170+0100 [DEBUG] [org.gradle.cache.internal.DefaultFileLockManager] Releasing lock on artifact cache (/home/joerg/.doctoolchain/.gradle/caches/modules-2).
2025-02-09T18:12:15.171+0100 [DEBUG] [org.gradle.cache.internal.DefaultPersistentDirectoryStore] artifact cache (/home/joerg/.doctoolchain/.gradle/caches/modules-2) has last been fully cleaned up 0 hours ago
2025-02-09T18:12:15.173+0100 [DEBUG] [org.gradle.cache.internal.LockOnDemandCrossProcessCacheAccess] Releasing file lock for journal cache (/home/joerg/.doctoolchain/.gradle/caches/journal-1)
2025-02-09T18:12:15.173+0100 [DEBUG] [org.gradle.cache.internal.btree.BTreePersistentIndexedCache] Closing cache file-access.bin (/home/joerg/.doctoolchain/.gradle/caches/journal-1/file-access.bin)
2025-02-09T18:12:15.174+0100 [DEBUG] [org.gradle.cache.internal.DefaultFileLockManager] Releasing lock on journal cache (/home/joerg/.doctoolchain/.gradle/caches/journal-1).
2025-02-09T18:12:15.176+0100 [DEBUG] [org.gradle.cache.internal.LockOnDemandCrossProcessCacheAccess] Releasing file lock for file hash cache (/home/joerg/.doctoolchain/.gradle/caches/8.1.1/fileHashes)
2025-02-09T18:12:15.176+0100 [DEBUG] [org.gradle.cache.internal.btree.BTreePersistentIndexedCache] Closing cache fileHashes.bin (/home/joerg/.doctoolchain/.gradle/caches/8.1.1/fileHashes/fileHashes.bin)
2025-02-09T18:12:15.177+0100 [DEBUG] [org.gradle.cache.internal.btree.BTreePersistentIndexedCache] Closing cache resourceHashesCache.bin (/home/joerg/.doctoolchain/.gradle/caches/8.1.1/fileHashes/resourceHashesCache.bin)
2025-02-09T18:12:15.177+0100 [DEBUG] [org.gradle.cache.internal.DefaultFileLockManager] Releasing lock on file hash cache (/home/joerg/.doctoolchain/.gradle/caches/8.1.1/fileHashes).
2025-02-09T18:12:15.180+0100 [DEBUG] [org.gradle.cache.internal.LockOnDemandCrossProcessCacheAccess] Releasing file lock for execution history cache (/home/joerg/.doctoolchain/.gradle/caches/8.1.1/executionHistory)
2025-02-09T18:12:15.181+0100 [DEBUG] [org.gradle.cache.internal.DefaultFileLockManager] Releasing lock on execution history cache (/home/joerg/.doctoolchain/.gradle/caches/8.1.1/executionHistory).
2025-02-09T18:12:15.185+0100 [DEBUG] [org.gradle.launcher.daemon.registry.PersistentDaemonRegistry] Removing daemon address: [8467a51b-1c1e-460a-803b-7d58ff84a954 port:46485, addresses:[localhost/127.0.0.1]]
2025-02-09T18:12:15.186+0100 [DEBUG] [org.gradle.cache.internal.DefaultFileLockManager] Waiting to acquire exclusive lock on daemon addresses registry.
Daemon vm is shutting down... The daemon has exited normally or was terminated in response to a user interrupt.
2025-02-09T18:12:15.187+0100 [DEBUG] [org.gradle.cache.internal.DefaultFileLockManager] Lock acquired on daemon addresses registry.
2025-02-09T18:12:15.187+0100 [DEBUG] [org.gradle.cache.internal.DefaultFileLockManager] Releasing lock on daemon addresses registry.
