2025-02-09T17:59:35.584+0100 [DEBUG] [org.gradle.launcher.daemon.bootstrap.DaemonMain] Assuming the daemon was started with following jvm opts: [--add-opens=java.base/java.util=ALL-UNNAMED, --add-opens=java.base/java.lang=ALL-UNNAMED, --add-opens=java.base/java.lang.invoke=ALL-UNNAMED, --add-opens=java.prefs/java.util.prefs=ALL-UNNAMED, --add-opens=java.base/java.nio.charset=ALL-UNNAMED, --add-opens=java.base/java.net=ALL-UNNAMED, --add-opens=java.base/java.util.concurrent.atomic=ALL-UNNAMED, -Xmx2048m, -Dfile.encoding=UTF-8, -Duser.country=DE, -Duser.language=de, -Duser.variant]
2025-02-09T17:59:35.931+0100 [INFO] [org.gradle.launcher.daemon.server.Daemon] start() called on daemon - DefaultDaemonContext[uid=06f75bff-18d9-4202-920c-994d532b6551,javaHome=/home/joerg/.sdkman/candidates/java/11.0.26-tem,daemonRegistryDir=/home/joerg/.doctoolchain/.gradle/daemon,pid=6277,idleTimeout=120000,priority=NORMAL,applyInstrumentationAgent=true,daemonOpts=--add-opens=java.base/java.util=ALL-UNNAMED,--add-opens=java.base/java.lang=ALL-UNNAMED,--add-opens=java.base/java.lang.invoke=ALL-UNNAMED,--add-opens=java.prefs/java.util.prefs=ALL-UNNAMED,--add-opens=java.base/java.nio.charset=ALL-UNNAMED,--add-opens=java.base/java.net=ALL-UNNAMED,--add-opens=java.base/java.util.concurrent.atomic=ALL-UNNAMED,-Xmx2048m,-Dfile.encoding=UTF-8,-Duser.country=DE,-Duser.language=de,-Duser.variant]
2025-02-09T17:59:36.001+0100 [DEBUG] [org.gradle.internal.remote.internal.inet.InetAddresses] Adding IP addresses for network interface enp0s3
2025-02-09T17:59:36.002+0100 [DEBUG] [org.gradle.internal.remote.internal.inet.InetAddresses] Is this a loopback interface? false
2025-02-09T17:59:36.002+0100 [DEBUG] [org.gradle.internal.remote.internal.inet.InetAddresses] Adding remote address /fe80:0:0:0:4952:4f03:babf:c6be%enp0s3
2025-02-09T17:59:36.003+0100 [DEBUG] [org.gradle.internal.remote.internal.inet.InetAddresses] Adding remote address /10.0.2.15
2025-02-09T17:59:36.003+0100 [DEBUG] [org.gradle.internal.remote.internal.inet.InetAddresses] Adding IP addresses for network interface lo
2025-02-09T17:59:36.005+0100 [DEBUG] [org.gradle.internal.remote.internal.inet.InetAddresses] Is this a loopback interface? true
2025-02-09T17:59:36.005+0100 [DEBUG] [org.gradle.internal.remote.internal.inet.InetAddresses] Adding loopback address /0:0:0:0:0:0:0:1%lo
2025-02-09T17:59:36.006+0100 [DEBUG] [org.gradle.internal.remote.internal.inet.InetAddresses] Adding loopback address /127.0.0.1
2025-02-09T17:59:36.010+0100 [DEBUG] [org.gradle.internal.remote.internal.inet.TcpIncomingConnector] Listening on [1d71f59b-8615-45c6-8259-1242c15330ab port:34469, addresses:[localhost/127.0.0.1]].
2025-02-09T17:59:36.063+0100 [DEBUG] [org.gradle.launcher.daemon.server.Daemon] Daemon starting at: Sun Feb 09 17:59:36 CET 2025, with address: [1d71f59b-8615-45c6-8259-1242c15330ab port:34469, addresses:[localhost/127.0.0.1]]
2025-02-09T17:59:36.064+0100 [INFO] [org.gradle.launcher.daemon.server.DaemonRegistryUpdater] Advertising the daemon address to the clients: [1d71f59b-8615-45c6-8259-1242c15330ab port:34469, addresses:[localhost/127.0.0.1]]
2025-02-09T17:59:36.065+0100 [DEBUG] [org.gradle.launcher.daemon.server.DaemonRegistryUpdater] Advertised daemon context: DefaultDaemonContext[uid=06f75bff-18d9-4202-920c-994d532b6551,javaHome=/home/joerg/.sdkman/candidates/java/11.0.26-tem,daemonRegistryDir=/home/joerg/.doctoolchain/.gradle/daemon,pid=6277,idleTimeout=120000,priority=NORMAL,applyInstrumentationAgent=true,daemonOpts=--add-opens=java.base/java.util=ALL-UNNAMED,--add-opens=java.base/java.lang=ALL-UNNAMED,--add-opens=java.base/java.lang.invoke=ALL-UNNAMED,--add-opens=java.prefs/java.util.prefs=ALL-UNNAMED,--add-opens=java.base/java.nio.charset=ALL-UNNAMED,--add-opens=java.base/java.net=ALL-UNNAMED,--add-opens=java.base/java.util.concurrent.atomic=ALL-UNNAMED,-Xmx2048m,-Dfile.encoding=UTF-8,-Duser.country=DE,-Duser.language=de,-Duser.variant]
2025-02-09T17:59:36.068+0100 [DEBUG] [org.gradle.launcher.daemon.registry.PersistentDaemonRegistry] Storing daemon address: [1d71f59b-8615-45c6-8259-1242c15330ab port:34469, addresses:[localhost/127.0.0.1]], context: DefaultDaemonContext[uid=06f75bff-18d9-4202-920c-994d532b6551,javaHome=/home/joerg/.sdkman/candidates/java/11.0.26-tem,daemonRegistryDir=/home/joerg/.doctoolchain/.gradle/daemon,pid=6277,idleTimeout=120000,priority=NORMAL,applyInstrumentationAgent=true,daemonOpts=--add-opens=java.base/java.util=ALL-UNNAMED,--add-opens=java.base/java.lang=ALL-UNNAMED,--add-opens=java.base/java.lang.invoke=ALL-UNNAMED,--add-opens=java.prefs/java.util.prefs=ALL-UNNAMED,--add-opens=java.base/java.nio.charset=ALL-UNNAMED,--add-opens=java.base/java.net=ALL-UNNAMED,--add-opens=java.base/java.util.concurrent.atomic=ALL-UNNAMED,-Xmx2048m,-Dfile.encoding=UTF-8,-Duser.country=DE,-Duser.language=de,-Duser.variant]
2025-02-09T17:59:36.083+0100 [DEBUG] [org.gradle.cache.internal.DefaultFileLockManager] Waiting to acquire exclusive lock on daemon addresses registry.
2025-02-09T17:59:36.092+0100 [DEBUG] [org.gradle.cache.internal.DefaultFileLockManager] Lock acquired on daemon addresses registry.
2025-02-09T17:59:36.095+0100 [DEBUG] [org.gradle.cache.internal.DefaultFileLockManager] Releasing lock on daemon addresses registry.
2025-02-09T17:59:36.097+0100 [DEBUG] [org.gradle.cache.internal.DefaultFileLockManager] Waiting to acquire exclusive lock on daemon addresses registry.
2025-02-09T17:59:36.098+0100 [DEBUG] [org.gradle.cache.internal.DefaultFileLockManager] Lock acquired on daemon addresses registry.
2025-02-09T17:59:36.104+0100 [DEBUG] [org.gradle.cache.internal.DefaultFileLockManager] Releasing lock on daemon addresses registry.
2025-02-09T17:59:36.104+0100 [LIFECYCLE] [org.gradle.launcher.daemon.server.Daemon] Daemon server started.
2025-02-09T17:59:36.109+0100 [DEBUG] [org.gradle.launcher.daemon.bootstrap.DaemonStartupCommunication] Completed writing the daemon greeting. Closing streams...
2025-02-09T17:59:36.118+0100 [DEBUG] [org.gradle.launcher.daemon.server.Daemon] stopOnExpiration() called on daemon
2025-02-09T17:59:36.122+0100 [DEBUG] [org.gradle.launcher.daemon.server.Daemon] awaitExpiration() called on daemon
2025-02-09T17:59:36.123+0100 [DEBUG] [org.gradle.launcher.daemon.server.DaemonStateCoordinator] daemon is running. Sleeping until state changes.
2025-02-09T17:59:36.170+0100 [DEBUG] [org.gradle.internal.remote.internal.inet.TcpIncomingConnector] Accepted connection from /127.0.0.1:57708 to /127.0.0.1:34469.
2025-02-09T17:59:36.291+0100 [DEBUG] [org.gradle.launcher.daemon.server.SynchronizedDispatchConnection] thread 17: received class org.gradle.launcher.daemon.protocol.Build
2025-02-09T17:59:36.292+0100 [DEBUG] [org.gradle.launcher.daemon.server.DefaultDaemonConnection] thread 17: Received non-IO message from client: Build{id=674043b6-3fb1-4ede-995f-041419ed6073, currentDir=/home/joerg/.doctoolchain/docToolchain-3.4.1}
2025-02-09T17:59:36.293+0100 [INFO] [org.gradle.launcher.daemon.server.DefaultIncomingConnectionHandler] Received command: Build{id=674043b6-3fb1-4ede-995f-041419ed6073, currentDir=/home/joerg/.doctoolchain/docToolchain-3.4.1}.
2025-02-09T17:59:36.293+0100 [DEBUG] [org.gradle.launcher.daemon.server.DefaultIncomingConnectionHandler] Starting executing command: Build{id=674043b6-3fb1-4ede-995f-041419ed6073, currentDir=/home/joerg/.doctoolchain/docToolchain-3.4.1} with connection: socket connection from /127.0.0.1:34469 to /127.0.0.1:57708.
2025-02-09T17:59:36.301+0100 [DEBUG] [org.gradle.launcher.daemon.server.DaemonStateCoordinator] Command execution: started DaemonCommandExecution[command = Build{id=674043b6-3fb1-4ede-995f-041419ed6073, currentDir=/home/joerg/.doctoolchain/docToolchain-3.4.1}, connection = DefaultDaemonConnection: socket connection from /127.0.0.1:34469 to /127.0.0.1:57708] after 0.0 minutes of idle
2025-02-09T17:59:36.302+0100 [INFO] [org.gradle.launcher.daemon.server.DaemonRegistryUpdater] Marking the daemon as busy, address: [1d71f59b-8615-45c6-8259-1242c15330ab port:34469, addresses:[localhost/127.0.0.1]]
2025-02-09T17:59:36.302+0100 [DEBUG] [org.gradle.launcher.daemon.registry.PersistentDaemonRegistry] Marking busy by address: [1d71f59b-8615-45c6-8259-1242c15330ab port:34469, addresses:[localhost/127.0.0.1]]
2025-02-09T17:59:36.306+0100 [DEBUG] [org.gradle.cache.internal.DefaultFileLockManager] Waiting to acquire exclusive lock on daemon addresses registry.
2025-02-09T17:59:36.307+0100 [DEBUG] [org.gradle.cache.internal.DefaultFileLockManager] Lock acquired on daemon addresses registry.
2025-02-09T17:59:36.310+0100 [DEBUG] [org.gradle.cache.internal.DefaultFileLockManager] Releasing lock on daemon addresses registry.
2025-02-09T17:59:36.310+0100 [DEBUG] [org.gradle.launcher.daemon.server.DaemonStateCoordinator] resetting idle timer
2025-02-09T17:59:36.311+0100 [DEBUG] [org.gradle.launcher.daemon.server.DaemonStateCoordinator] daemon is running. Sleeping until state changes.
2025-02-09T17:59:36.315+0100 [INFO] [org.gradle.launcher.daemon.server.exec.StartBuildOrRespondWithBusy] Daemon is about to start building Build{id=674043b6-3fb1-4ede-995f-041419ed6073, currentDir=/home/joerg/.doctoolchain/docToolchain-3.4.1}. Dispatching build started information...
2025-02-09T17:59:36.316+0100 [DEBUG] [org.gradle.launcher.daemon.server.SynchronizedDispatchConnection] thread 19: dispatching org.gradle.launcher.daemon.protocol.BuildStarted@bd0ad44
2025-02-09T17:59:36.320+0100 [DEBUG] [org.gradle.launcher.daemon.server.exec.EstablishBuildEnvironment] Configuring env variables: [PATH, XAUTHORITY, DTC_HEADLESS, XDG_DATA_DIRS, GDMSESSION, DBUS_SESSION_BUS_ADDRESS, XDG_CURRENT_DESKTOP, SSH_AGENT_PID, CLUTTER_BACKEND, COLORTERM, SDKMAN_DIR, SESSION_MANAGER, LOGNAME, PWD, DTC_PROJECT_BRANCH, LANGUAGE, WINDOWID, SHELL, LESSOPEN, SDKMAN_CANDIDATES_API, OLDPWD, GTK_MODULES, XDG_SESSION_PATH, PANEL_GDK_CORE_DEVICE_EVENTS, LS_COLORS, XDG_SESSION_DESKTOP, SHLVL, LESSCLOSE, COMPIZ_CONFIG_PROFILE, JAVA_HOME, TERM, XDG_CONFIG_DIRS, LANG, XDG_SEAT_PATH, XDG_SESSION_ID, XDG_SESSION_TYPE, DISPLAY, SDKMAN_CANDIDATES_DIR, XDG_SESSION_CLASS, _, GDM_LANG, GTK3_MODULES, XDG_GREETER_DATA_DIR, DESKTOP_SESSION, SDKMAN_PLATFORM, USER, XDG_MENU_PREFIX, VTE_VERSION, QT_ACCESSIBILITY, SSH_AUTH_SOCK, XDG_SEAT, XDG_VTNR, XDG_RUNTIME_DIR, HOME]
2025-02-09T17:59:36.333+0100 [DEBUG] [org.gradle.launcher.daemon.server.exec.LogToClient] About to start relaying all logs to the client via the connection.
2025-02-09T17:59:36.334+0100 [INFO] [org.gradle.launcher.daemon.server.exec.LogToClient] The client will now receive all logging from the daemon (pid: 6277). The daemon log file: /home/joerg/.doctoolchain/.gradle/daemon/8.1.1/daemon-6277.out.log
2025-02-09T17:59:36.339+0100 [DEBUG] [org.gradle.launcher.daemon.server.exec.RequestStopIfSingleUsedDaemon] Requesting daemon stop after processing Build{id=674043b6-3fb1-4ede-995f-041419ed6073, currentDir=/home/joerg/.doctoolchain/docToolchain-3.4.1}
2025-02-09T17:59:36.339+0100 [LIFECYCLE] [org.gradle.launcher.daemon.server.DaemonStateCoordinator] Daemon will be stopped at the end of the build 
2025-02-09T17:59:36.340+0100 [DEBUG] [org.gradle.launcher.daemon.server.DaemonStateCoordinator] Stop as soon as idle requested. The daemon is busy: true
2025-02-09T17:59:36.340+0100 [DEBUG] [org.gradle.launcher.daemon.server.DaemonStateCoordinator] daemon stop has been requested. Sleeping until state changes.
2025-02-09T17:59:36.342+0100 [DEBUG] [org.gradle.launcher.daemon.server.exec.ExecuteBuild] The daemon has started executing the build.
2025-02-09T17:59:36.343+0100 [DEBUG] [org.gradle.launcher.daemon.server.exec.ExecuteBuild] Executing build with daemon context: DefaultDaemonContext[uid=06f75bff-18d9-4202-920c-994d532b6551,javaHome=/home/joerg/.sdkman/candidates/java/11.0.26-tem,daemonRegistryDir=/home/joerg/.doctoolchain/.gradle/daemon,pid=6277,idleTimeout=120000,priority=NORMAL,applyInstrumentationAgent=true,daemonOpts=--add-opens=java.base/java.util=ALL-UNNAMED,--add-opens=java.base/java.lang=ALL-UNNAMED,--add-opens=java.base/java.lang.invoke=ALL-UNNAMED,--add-opens=java.prefs/java.util.prefs=ALL-UNNAMED,--add-opens=java.base/java.nio.charset=ALL-UNNAMED,--add-opens=java.base/java.net=ALL-UNNAMED,--add-opens=java.base/java.util.concurrent.atomic=ALL-UNNAMED,-Xmx2048m,-Dfile.encoding=UTF-8,-Duser.country=DE,-Duser.language=de,-Duser.variant]
>>>>>>>>> fix grolifant
>>>>>>>>> fix okhttp-digest

[32mConfig file '/home/joerg/IdeaProjects/doctoolchainsample/docToolchainConfig.groovy' does not exist' [0m
[ant:input] 
[ant:input] [32mdo you want me to create a default one for you?[0m (y, n)
WARNING: JavaVersion < 17 - exportMarkdown disabled
[ant:input] [32mWhich template do you want to install?[0m
[ant:input]  [32m1) arc42[0m
[ant:input]  [32m2) req42[0m
[ant:input]  (1, 2)
[32mInstall arc42 documentation template.[0m
For more information about arc42 see https://arc42.org
[ant:input] [32mWhich language do you want to install?[0m (CZ, DE, EN, ES, FR, IT, NL, UA)
[ant:input] [32mDo you want the template with or without help?[0m (withhelp, plain)
[ant:input] [32mDo you want the template to be setup for Antora? (experimental)[0m (n, y)
Download https://github.com/arc42/arc42-template/raw/master/dist/arc42-template-EN-plain-asciidoc.zip
arc42 template unpacked into /home/joerg/IdeaProjects/doctoolchainsample/src/docs/arc42
added template to docToolchainConfig.groovy
use 'generateHTML', 'generatePDF' or  'generateSite' to convert the template

BUILD SUCCESSFUL in 11m 6s
1 actionable task: 1 executed
2025-02-09T18:10:23.728+0100 [DEBUG] [org.gradle.launcher.daemon.server.exec.ExecuteBuild] The daemon has finished executing the build.
2025-02-09T18:10:23.743+0100 [DEBUG] [org.gradle.launcher.daemon.server.DaemonStateCoordinator] daemon stop has been requested. Sleeping until state changes.
2025-02-09T18:10:23.745+0100 [DEBUG] [org.gradle.launcher.daemon.server.DaemonStateCoordinator] Command execution: finished waiting for DaemonCommandExecution[command = Build{id=674043b6-3fb1-4ede-995f-041419ed6073, currentDir=/home/joerg/.doctoolchain/docToolchain-3.4.1}, connection = DefaultDaemonConnection: socket connection from /127.0.0.1:34469 to /127.0.0.1:57708]. Result org.gradle.launcher.daemon.server.DaemonStateCoordinator@775baf8c with state StopRequested
2025-02-09T18:10:23.746+0100 [DEBUG] [org.gradle.launcher.daemon.server.DaemonStateCoordinator] Command execution: completed DaemonCommandExecution[command = Build{id=674043b6-3fb1-4ede-995f-041419ed6073, currentDir=/home/joerg/.doctoolchain/docToolchain-3.4.1}, connection = DefaultDaemonConnection: socket connection from /127.0.0.1:34469 to /127.0.0.1:57708]
2025-02-09T18:10:23.746+0100 [DEBUG] [org.gradle.launcher.daemon.server.DaemonStateCoordinator] resetting idle timer
2025-02-09T18:10:23.746+0100 [DEBUG] [org.gradle.launcher.daemon.server.DaemonStateCoordinator] Marking daemon stopped due to command completed and stop requested. The daemon is running a build: false
2025-02-09T18:10:23.747+0100 [DEBUG] [org.gradle.launcher.daemon.server.exec.ReturnResult] Daemon is dispatching the build result: Success[value=org.gradle.launcher.exec.BuildActionResult@491249c2]
2025-02-09T18:10:23.747+0100 [DEBUG] [org.gradle.launcher.daemon.server.SynchronizedDispatchConnection] thread 16: dispatching Success[value=org.gradle.launcher.exec.BuildActionResult@491249c2]
2025-02-09T18:10:23.747+0100 [DEBUG] [org.gradle.launcher.daemon.server.DaemonStateCoordinator] daemon has stopped.
2025-02-09T18:10:23.748+0100 [DEBUG] [org.gradle.launcher.daemon.server.Daemon] stop() called on daemon
2025-02-09T18:10:23.748+0100 [INFO] [org.gradle.launcher.daemon.server.Daemon] Stop requested. Daemon is removing its presence from the registry...
2025-02-09T18:10:23.749+0100 [DEBUG] [org.gradle.launcher.daemon.server.DaemonRegistryUpdater] Removing our presence to clients, eg. removing this address from the registry: [1d71f59b-8615-45c6-8259-1242c15330ab port:34469, addresses:[localhost/127.0.0.1]]
2025-02-09T18:10:23.749+0100 [DEBUG] [org.gradle.launcher.daemon.registry.PersistentDaemonRegistry] Removing daemon address: [1d71f59b-8615-45c6-8259-1242c15330ab port:34469, addresses:[localhost/127.0.0.1]]
2025-02-09T18:10:23.752+0100 [DEBUG] [org.gradle.cache.internal.DefaultFileLockManager] Waiting to acquire exclusive lock on daemon addresses registry.
2025-02-09T18:10:23.752+0100 [DEBUG] [org.gradle.cache.internal.DefaultFileLockManager] Lock acquired on daemon addresses registry.
2025-02-09T18:10:23.753+0100 [DEBUG] [org.gradle.launcher.daemon.server.SynchronizedDispatchConnection] thread 17: received class org.gradle.launcher.daemon.protocol.CloseInput
2025-02-09T18:10:23.754+0100 [DEBUG] [org.gradle.launcher.daemon.server.DefaultDaemonConnection] thread 17: Received IO message from client: org.gradle.launcher.daemon.protocol.CloseInput@21673023
2025-02-09T18:10:23.754+0100 [DEBUG] [org.gradle.cache.internal.DefaultFileLockManager] Releasing lock on daemon addresses registry.
2025-02-09T18:10:23.754+0100 [DEBUG] [org.gradle.launcher.daemon.server.DefaultIncomingConnectionHandler] Finishing executing command: Build{id=674043b6-3fb1-4ede-995f-041419ed6073, currentDir=/home/joerg/.doctoolchain/docToolchain-3.4.1}
2025-02-09T18:10:23.754+0100 [DEBUG] [org.gradle.launcher.daemon.server.DaemonRegistryUpdater] Address removed from registry.
2025-02-09T18:10:23.756+0100 [DEBUG] [org.gradle.launcher.daemon.server.SynchronizedDispatchConnection] thread 17: received class org.gradle.launcher.daemon.protocol.Finished
2025-02-09T18:10:23.756+0100 [DEBUG] [org.gradle.launcher.daemon.server.DefaultDaemonConnection] thread 17: Received non-IO message from client: org.gradle.launcher.daemon.protocol.Finished@3658644e
2025-02-09T18:10:23.757+0100 [DEBUG] [org.gradle.launcher.daemon.server.DefaultIncomingConnectionHandler] Received finished message: org.gradle.launcher.daemon.protocol.Finished@3658644e
2025-02-09T18:10:23.757+0100 [DEBUG] [org.gradle.launcher.daemon.server.SynchronizedDispatchConnection] thread 16: stopping connection
2025-02-09T18:10:23.760+0100 [DEBUG] [org.gradle.internal.remote.internal.inet.SocketConnection] Discarding EOFException: java.io.EOFException
2025-02-09T18:10:23.760+0100 [DEBUG] [org.gradle.launcher.daemon.server.SynchronizedDispatchConnection] thread 17: received null
2025-02-09T18:10:23.760+0100 [DEBUG] [org.gradle.launcher.daemon.server.DefaultDaemonConnection] thread 17: Received end-of-input from client.
2025-02-09T18:10:23.762+0100 [DEBUG] [org.gradle.launcher.daemon.server.SynchronizedDispatchConnection] thread 16: stopping connection
2025-02-09T18:10:23.778+0100 [DEBUG] [org.gradle.cache.internal.LockOnDemandCrossProcessCacheAccess] Releasing file lock for jars (/home/joerg/.doctoolchain/.gradle/caches/jars-9)
2025-02-09T18:10:23.779+0100 [DEBUG] [org.gradle.cache.internal.DefaultFileLockManager] Releasing lock on jars (/home/joerg/.doctoolchain/.gradle/caches/jars-9).
2025-02-09T18:10:23.781+0100 [DEBUG] [org.gradle.cache.internal.DefaultCacheCoordinator] Cache Artifact transforms cache (/home/joerg/.doctoolchain/.gradle/caches/transforms-3) was closed 0 times.
2025-02-09T18:10:23.804+0100 [DEBUG] [org.gradle.cache.internal.LockOnDemandCrossProcessCacheAccess] Releasing file lock for file content cache (/home/joerg/.doctoolchain/.gradle/caches/8.1.1/fileContent)
2025-02-09T18:10:23.805+0100 [DEBUG] [org.gradle.cache.internal.DefaultFileLockManager] Releasing lock on file content cache (/home/joerg/.doctoolchain/.gradle/caches/8.1.1/fileContent).
2025-02-09T18:10:23.823+0100 [DEBUG] [org.gradle.internal.watch.vfs.impl.WatchingVirtualFileSystem] Closing VFS, dropping state
2025-02-09T18:10:23.824+0100 [DEBUG] [org.gradle.cache.internal.DefaultCacheCoordinator] Cache Generated Gradle JARs cache (/home/joerg/.doctoolchain/.gradle/caches/8.1.1/generated-gradle-jars) was closed 0 times.
2025-02-09T18:10:23.825+0100 [DEBUG] [org.gradle.cache.internal.LockOnDemandCrossProcessCacheAccess] Releasing file lock for artifact cache (/home/joerg/.doctoolchain/.gradle/caches/modules-2)
2025-02-09T18:10:23.825+0100 [DEBUG] [org.gradle.cache.internal.btree.BTreePersistentIndexedCache] Closing cache resource-at-url.bin (/home/joerg/.doctoolchain/.gradle/caches/modules-2/metadata-2.105/resource-at-url.bin)
2025-02-09T18:10:23.825+0100 [DEBUG] [org.gradle.cache.internal.btree.BTreePersistentIndexedCache] Closing cache module-metadata.bin (/home/joerg/.doctoolchain/.gradle/caches/modules-2/metadata-2.105/module-metadata.bin)
2025-02-09T18:10:23.826+0100 [DEBUG] [org.gradle.cache.internal.btree.BTreePersistentIndexedCache] Closing cache module-artifact.bin (/home/joerg/.doctoolchain/.gradle/caches/modules-2/metadata-2.105/module-artifact.bin)
2025-02-09T18:10:23.826+0100 [DEBUG] [org.gradle.cache.internal.DefaultFileLockManager] Releasing lock on artifact cache (/home/joerg/.doctoolchain/.gradle/caches/modules-2).
2025-02-09T18:10:23.844+0100 [DEBUG] [org.gradle.cache.internal.LockOnDemandCrossProcessCacheAccess] Releasing file lock for journal cache (/home/joerg/.doctoolchain/.gradle/caches/journal-1)
2025-02-09T18:10:23.844+0100 [DEBUG] [org.gradle.cache.internal.btree.BTreePersistentIndexedCache] Closing cache file-access.bin (/home/joerg/.doctoolchain/.gradle/caches/journal-1/file-access.bin)
2025-02-09T18:10:23.844+0100 [DEBUG] [org.gradle.cache.internal.DefaultFileLockManager] Releasing lock on journal cache (/home/joerg/.doctoolchain/.gradle/caches/journal-1).
2025-02-09T18:10:23.846+0100 [DEBUG] [org.gradle.cache.internal.LockOnDemandCrossProcessCacheAccess] Releasing file lock for file hash cache (/home/joerg/.doctoolchain/.gradle/caches/8.1.1/fileHashes)
2025-02-09T18:10:23.846+0100 [DEBUG] [org.gradle.cache.internal.btree.BTreePersistentIndexedCache] Closing cache fileHashes.bin (/home/joerg/.doctoolchain/.gradle/caches/8.1.1/fileHashes/fileHashes.bin)
2025-02-09T18:10:23.847+0100 [DEBUG] [org.gradle.cache.internal.btree.BTreePersistentIndexedCache] Closing cache resourceHashesCache.bin (/home/joerg/.doctoolchain/.gradle/caches/8.1.1/fileHashes/resourceHashesCache.bin)
2025-02-09T18:10:23.847+0100 [DEBUG] [org.gradle.cache.internal.DefaultFileLockManager] Releasing lock on file hash cache (/home/joerg/.doctoolchain/.gradle/caches/8.1.1/fileHashes).
2025-02-09T18:10:23.851+0100 [DEBUG] [org.gradle.cache.internal.LockOnDemandCrossProcessCacheAccess] Releasing file lock for execution history cache (/home/joerg/.doctoolchain/.gradle/caches/8.1.1/executionHistory)
2025-02-09T18:10:23.851+0100 [DEBUG] [org.gradle.cache.internal.DefaultFileLockManager] Releasing lock on execution history cache (/home/joerg/.doctoolchain/.gradle/caches/8.1.1/executionHistory).
2025-02-09T18:10:23.855+0100 [DEBUG] [org.gradle.cache.internal.VersionSpecificCacheCleanupAction] Processed version-specific caches at /home/joerg/.doctoolchain/.gradle/caches for cleanup in 0.0 secs
Daemon vm is shutting down... The daemon has exited normally or was terminated in response to a user interrupt.
2025-02-09T18:10:23.861+0100 [DEBUG] [org.gradle.launcher.daemon.registry.PersistentDaemonRegistry] Removing daemon address: [1d71f59b-8615-45c6-8259-1242c15330ab port:34469, addresses:[localhost/127.0.0.1]]
2025-02-09T18:10:23.862+0100 [DEBUG] [org.gradle.cache.internal.DefaultFileLockManager] Waiting to acquire exclusive lock on daemon addresses registry.
2025-02-09T18:10:23.862+0100 [DEBUG] [org.gradle.cache.internal.DefaultFileLockManager] Lock acquired on daemon addresses registry.
2025-02-09T18:10:23.863+0100 [DEBUG] [org.gradle.cache.internal.DefaultFileLockManager] Releasing lock on daemon addresses registry.
